e:\bs(cs)\c++\visual studio 2012\projects\paint\paint\debug\vc141.pdb
e:\bs(cs)\c++\visual studio 2012\projects\paint\paint\debug\vc141.idb
e:\bs(cs)\c++\visual studio 2012\projects\paint\paint\debug\winthread.obj
e:\bs(cs)\c++\visual studio 2012\projects\paint\paint\debug\winbgi.obj
e:\bs(cs)\c++\visual studio 2012\projects\paint\paint\debug\text.obj
e:\bs(cs)\c++\visual studio 2012\projects\paint\paint\debug\palette.obj
e:\bs(cs)\c++\visual studio 2012\projects\paint\paint\debug\mouse.obj
e:\bs(cs)\c++\visual studio 2012\projects\paint\paint\debug\misc.obj
e:\bs(cs)\c++\visual studio 2012\projects\paint\paint\debug\main.obj
e:\bs(cs)\c++\visual studio 2012\projects\paint\paint\debug\file.obj
e:\bs(cs)\c++\visual studio 2012\projects\paint\paint\debug\drawing.obj
e:\bs(cs)\c++\visual studio 2012\projects\paint\paint\debug\dibutil.obj
e:\bs(cs)\c++\visual studio 2012\projects\paint\paint\debug\bgi.ilk
e:\bs(cs)\c++\visual studio 2012\projects\paint\paint\debug\bgi.exe
e:\bs(cs)\c++\visual studio 2012\projects\paint\paint\debug\bgi.pdb
e:\bs(cs)\gitrepos\paint\paint\paint\debug\dibutil.obj
e:\bs(cs)\gitrepos\paint\paint\paint\debug\drawing.obj
e:\bs(cs)\gitrepos\paint\paint\paint\debug\file.obj
e:\bs(cs)\gitrepos\paint\paint\paint\debug\main.obj
e:\bs(cs)\gitrepos\paint\paint\paint\debug\misc.obj
e:\bs(cs)\gitrepos\paint\paint\paint\debug\mouse.obj
e:\bs(cs)\gitrepos\paint\paint\paint\debug\palette.obj
e:\bs(cs)\gitrepos\paint\paint\paint\debug\text.obj
e:\bs(cs)\gitrepos\paint\paint\paint\debug\winbgi.obj
e:\bs(cs)\gitrepos\paint\paint\paint\debug\winthread.obj
e:\bs(cs)\gitrepos\paint\paint\paint\debug\bgi.ilk
e:\bs(cs)\gitrepos\paint\paint\paint\debug\vc141.idb
e:\bs(cs)\gitrepos\paint\paint\paint\debug\bgi.pdb
e:\bs(cs)\gitrepos\paint\paint\paint\debug\vc141.pdb
e:\bs(cs)\gitrepos\paint\paint\paint\debug\bgi.exe
e:\bs(cs)\gitrepos\paint\paint\paint\debug\bgi.tlog\cl.command.1.tlog
e:\bs(cs)\gitrepos\paint\paint\paint\debug\bgi.tlog\cl.read.1.tlog
e:\bs(cs)\gitrepos\paint\paint\paint\debug\bgi.tlog\cl.write.1.tlog
e:\bs(cs)\gitrepos\paint\paint\paint\debug\bgi.tlog\link.command.1.tlog
e:\bs(cs)\gitrepos\paint\paint\paint\debug\bgi.tlog\link.read.1.tlog
e:\bs(cs)\gitrepos\paint\paint\paint\debug\bgi.tlog\link.write.1.tlog
